2020-11-26 10:17:10,374 INFO  [org.jboss.modules] (main) JBoss Modules version 1.8.6.Final
2020-11-26 10:17:13,352 INFO  [org.jboss.msc] (main) JBoss MSC version 1.4.3.Final
2020-11-26 10:17:13,384 INFO  [org.jboss.threads] (main) JBoss Threads version 2.3.2.Final
2020-11-26 10:17:13,612 INFO  [org.jboss.as.server] (Thread-2) WFLYSRV0220: Server shutdown has been requested via an OS signal
2020-11-26 10:39:29,057 INFO  [org.jboss.modules] (main) JBoss Modules version 1.8.6.Final
2020-11-26 10:39:30,420 INFO  [org.jboss.msc] (main) JBoss MSC version 1.4.3.Final
2020-11-26 10:39:30,436 INFO  [org.jboss.threads] (main) JBoss Threads version 2.3.2.Final
2020-11-26 10:39:30,704 INFO  [org.jboss.as] (MSC service thread 1-2) WFLYSRV0049: Keycloak 4.8.3.Final (WildFly Core 6.0.2.Final) starting
2020-11-26 10:39:30,704 DEBUG [org.jboss.as.config] (MSC service thread 1-2) Configured system properties:
	awt.toolkit = sun.awt.windows.WToolkit
	file.encoding = Cp1252
	file.encoding.pkg = sun.io
	file.separator = \
	java.awt.graphicsenv = sun.awt.Win32GraphicsEnvironment
	java.awt.printerjob = sun.awt.windows.WPrinterJob
	java.class.path = C:\Users\User\Desktop\KeycloakProject\keycloak\jboss-modules.jar
	java.class.version = 52.0
	java.endorsed.dirs = C:\Program Files (x86)\Java\jre1.8.0_271\lib\endorsed
	java.ext.dirs = C:\Program Files (x86)\Java\jre1.8.0_271\lib\ext;C:\Windows\Sun\Java\lib\ext
	java.home = C:\Program Files (x86)\Java\jre1.8.0_271
	java.io.tmpdir = C:\Users\User\AppData\Local\Temp\
	java.library.path = C:\Program Files (x86)\Common Files\Oracle\Java\javapath;C:\Windows\Sun\Java\bin;C:\Windows\system32;C:\Windows;C:\Program Files (x86)\Common Files\Oracle\Java\javapath;C:\Windows\system32;C:\Windows;C:\Windows\System32\Wbem;C:\Windows\System32\WindowsPowerShell\v1.0\;C:\Windows\System32\OpenSSH\;C:\Program Files\dotnet\;C:\Program Files\Microsoft SQL Server\130\Tools\Binn\;C:\Program Files\Microsoft SQL Server\Client SDK\ODBC\170\Tools\Binn\;C:\Program Files\Docker\Docker\resources\bin;C:\ProgramData\DockerDesktop\version-bin;C:\Program Files\Git\cmd;C:\Users\User\Downloads\apache-maven-3.6.3-bin\apache-maven-3.6.3\bin;C:\Users\User\AppData\Local\Microsoft\WindowsApps;;C:\Users\User\AppData\Local\Programs\Microsoft VS Code\bin;C:\Users\User\.dotnet\tools;.
	java.net.preferIPv4Stack = true
	java.runtime.name = Java(TM) SE Runtime Environment
	java.runtime.version = 1.8.0_271-b09
	java.specification.name = Java Platform API Specification
	java.specification.vendor = Oracle Corporation
	java.specification.version = 1.8
	java.util.logging.manager = org.jboss.logmanager.LogManager
	java.vendor = Oracle Corporation
	java.vendor.url = http://java.oracle.com/
	java.vendor.url.bug = http://bugreport.sun.com/bugreport/
	java.version = 1.8.0_271
	java.vm.info = mixed mode
	java.vm.name = Java HotSpot(TM) Client VM
	java.vm.specification.name = Java Virtual Machine Specification
	java.vm.specification.vendor = Oracle Corporation
	java.vm.specification.version = 1.8
	java.vm.vendor = Oracle Corporation
	java.vm.version = 25.271-b09
	javax.management.builder.initial = org.jboss.as.jmx.PluggableMBeanServerBuilder
	jboss.home.dir = C:\Users\User\Desktop\KeycloakProject\keycloak
	jboss.host.name = windev2010eval
	jboss.modules.dir = C:\Users\User\Desktop\KeycloakProject\keycloak\modules
	jboss.modules.system.pkgs = org.jboss.byteman
	jboss.node.name = windev2010eval
	jboss.qualified.host.name = windev2010eval
	jboss.server.base.dir = C:\Users\User\Desktop\KeycloakProject\keycloak\standalone
	jboss.server.config.dir = C:\Users\User\Desktop\KeycloakProject\keycloak\standalone\configuration
	jboss.server.data.dir = C:\Users\User\Desktop\KeycloakProject\keycloak\standalone\data
	jboss.server.deploy.dir = C:\Users\User\Desktop\KeycloakProject\keycloak\standalone\data\content
	jboss.server.log.dir = C:\Users\User\Desktop\KeycloakProject\keycloak\standalone\log
	jboss.server.name = windev2010eval
	jboss.server.persist.config = true
	jboss.server.temp.dir = C:\Users\User\Desktop\KeycloakProject\keycloak\standalone\tmp
	line.separator = 

	logging.configuration = file:C:\Users\User\Desktop\KeycloakProject\keycloak\standalone\configuration/logging.properties
	module.path = C:\Users\User\Desktop\KeycloakProject\keycloak\modules
	org.jboss.boot.log.file = C:\Users\User\Desktop\KeycloakProject\keycloak\standalone\log\server.log
	org.jboss.resolver.warning = true
	os.arch = x86
	os.name = Windows 10
	os.version = 10.0
	path.separator = ;
	program.name = standalone.bat
	sun.arch.data.model = 32
	sun.boot.class.path = C:\Program Files (x86)\Java\jre1.8.0_271\lib\resources.jar;C:\Program Files (x86)\Java\jre1.8.0_271\lib\rt.jar;C:\Program Files (x86)\Java\jre1.8.0_271\lib\sunrsasign.jar;C:\Program Files (x86)\Java\jre1.8.0_271\lib\jsse.jar;C:\Program Files (x86)\Java\jre1.8.0_271\lib\jce.jar;C:\Program Files (x86)\Java\jre1.8.0_271\lib\charsets.jar;C:\Program Files (x86)\Java\jre1.8.0_271\lib\jfr.jar;C:\Program Files (x86)\Java\jre1.8.0_271\classes
	sun.boot.library.path = C:\Program Files (x86)\Java\jre1.8.0_271\bin
	sun.cpu.endian = little
	sun.cpu.isalist = pentium_pro+mmx pentium_pro pentium+mmx pentium i486 i386 i86
	sun.desktop = windows
	sun.io.unicode.encoding = UnicodeLittle
	sun.java.command = C:\Users\User\Desktop\KeycloakProject\keycloak\jboss-modules.jar -mp C:\Users\User\Desktop\KeycloakProject\keycloak\modules org.jboss.as.standalone -Djboss.home.dir=C:\Users\User\Desktop\KeycloakProject\keycloak
	sun.java.launcher = SUN_STANDARD
	sun.jnu.encoding = Cp1252
	sun.management.compiler = HotSpot Client Compiler
	sun.os.patch.level = 
	sun.stderr.encoding = cp437
	sun.stdout.encoding = cp437
	user.country = US
	user.dir = C:\Users\User\Desktop\KeycloakProject\keycloak\bin
	user.home = C:\Users\User
	user.language = en
	user.name = User
	user.script = 
	user.timezone = America/Los_Angeles
	user.variant = 
2020-11-26 10:39:30,704 DEBUG [org.jboss.as.config] (MSC service thread 1-2) VM Arguments: -Dprogram.name=standalone.bat -Xms64M -Xmx512M -XX:MetaspaceSize=96M -XX:MaxMetaspaceSize=256m -Djava.net.preferIPv4Stack=true -Djboss.modules.system.pkgs=org.jboss.byteman -Dorg.jboss.boot.log.file=C:\Users\User\Desktop\KeycloakProject\keycloak\standalone\log\server.log -Dlogging.configuration=file:C:\Users\User\Desktop\KeycloakProject\keycloak\standalone\configuration/logging.properties 
2020-11-26 10:39:35,988 INFO  [org.wildfly.security] (ServerService Thread Pool -- 19) ELY00001: WildFly Elytron version 1.6.0.Final
2020-11-26 10:39:38,078 INFO  [org.jboss.as.controller.management-deprecated] (Controller Boot Thread) WFLYCTL0028: Attribute 'security-realm' in the resource at address '/core-service=management/management-interface=http-interface' is deprecated, and may be removed in a future version. See the attribute description in the output of the read-resource-description operation to learn more about the deprecation.
2020-11-26 10:39:38,153 INFO  [org.jboss.as.controller.management-deprecated] (ServerService Thread Pool -- 21) WFLYCTL0028: Attribute 'security-realm' in the resource at address '/subsystem=undertow/server=default-server/https-listener=https' is deprecated, and may be removed in a future version. See the attribute description in the output of the read-resource-description operation to learn more about the deprecation.
2020-11-26 10:39:38,288 INFO  [org.jboss.as.server] (Controller Boot Thread) WFLYSRV0039: Creating http management service using socket-binding (management-http)
2020-11-26 10:39:38,368 INFO  [org.xnio] (MSC service thread 1-1) XNIO version 3.6.5.Final
2020-11-26 10:39:38,390 INFO  [org.xnio.nio] (MSC service thread 1-1) XNIO NIO Implementation Version 3.6.5.Final
2020-11-26 10:39:38,650 WARN  [org.jboss.as.txn] (ServerService Thread Pool -- 45) WFLYTX0013: The node-identifier attribute on the /subsystem=transactions is set to the default value. This is a danger for environments running multiple servers. Please make sure the attribute value is unique.
2020-11-26 10:39:38,750 INFO  [org.jboss.as.security] (ServerService Thread Pool -- 44) WFLYSEC0002: Activating Security Subsystem
2020-11-26 10:39:38,708 INFO  [org.jboss.as.clustering.infinispan] (ServerService Thread Pool -- 33) WFLYCLINF0001: Activating Infinispan subsystem.
2020-11-26 10:39:38,766 INFO  [org.jboss.as.security] (MSC service thread 1-6) WFLYSEC0001: Current PicketBox version=5.0.3.Final
2020-11-26 10:39:38,973 INFO  [org.jboss.as.mail.extension] (MSC service thread 1-8) WFLYMAIL0002: Unbound mail session [java:jboss/mail/Default]
2020-11-26 10:39:39,020 INFO  [org.jboss.as.connector] (MSC service thread 1-3) WFLYJCA0009: Starting JCA Subsystem (WildFly/IronJacamar 1.4.11.Final)
2020-11-26 10:39:39,020 INFO  [org.jboss.as.naming] (ServerService Thread Pool -- 39) WFLYNAM0001: Activating Naming Subsystem
2020-11-26 10:39:39,440 INFO  [org.wildfly.extension.undertow] (MSC service thread 1-7) WFLYUT0003: Undertow 2.0.13.Final starting
2020-11-26 10:39:40,276 INFO  [org.jboss.as.jaxrs] (ServerService Thread Pool -- 34) WFLYRS0016: RESTEasy version 3.6.1.Final
2020-11-26 10:39:40,621 INFO  [org.jboss.as.connector.subsystems.datasources] (ServerService Thread Pool -- 28) WFLYJCA0004: Deploying JDBC-compliant driver class org.h2.Driver (version 1.4)
2020-11-26 10:39:40,896 INFO  [org.jboss.as.connector.deployers.jdbc] (MSC service thread 1-7) WFLYJCA0018: Started Driver service with driver-name = h2
2020-11-26 10:39:40,912 INFO  [org.jboss.as.connector.subsystems.datasources] (MSC service thread 1-7) WFLYJCA0010: Unbound data source [java:jboss/datasources/ExampleDS]
2020-11-26 10:39:40,912 INFO  [org.jboss.as.connector.subsystems.datasources] (MSC service thread 1-7) WFLYJCA0010: Unbound data source [java:jboss/datasources/KeycloakDS]
2020-11-26 10:39:41,115 INFO  [org.wildfly.extension.undertow] (ServerService Thread Pool -- 46) WFLYUT0014: Creating file handler for path 'C:\Users\User\Desktop\KeycloakProject\keycloak/welcome-content' with options [directory-listing: 'false', follow-symlink: 'false', case-sensitive: 'true', safe-symlink-paths: '[]']
2020-11-26 10:39:41,638 INFO  [org.jboss.as.mail.extension] (MSC service thread 1-3) WFLYMAIL0001: Bound mail session [java:jboss/mail/Default]
2020-11-26 10:39:41,638 INFO  [org.jboss.as.naming] (MSC service thread 1-5) WFLYNAM0003: Starting Naming Service
2020-11-26 10:39:42,165 INFO  [org.wildfly.extension.io] (ServerService Thread Pool -- 32) WFLYIO001: Worker 'default' has auto-configured to 8 core threads with 64 task threads based on your 4 available processors
2020-11-26 10:39:42,361 INFO  [org.jboss.as.ejb3] (MSC service thread 1-3) WFLYEJB0481: Strict pool slsb-strict-max-pool is using a max instance size of 64 (per class), which is derived from thread worker pool sizing.
2020-11-26 10:39:42,362 INFO  [org.jboss.as.ejb3] (MSC service thread 1-2) WFLYEJB0482: Strict pool mdb-strict-max-pool is using a max instance size of 16 (per class), which is derived from the number of CPUs on this host.
2020-11-26 10:39:43,476 INFO  [org.wildfly.extension.undertow] (MSC service thread 1-2) WFLYUT0012: Started server default-server.
2020-11-26 10:39:43,492 INFO  [org.wildfly.extension.undertow] (MSC service thread 1-4) WFLYUT0018: Host default-host starting
2020-11-26 10:39:43,508 INFO  [org.jboss.remoting] (MSC service thread 1-8) JBoss Remoting version 5.0.8.Final
2020-11-26 10:39:44,217 INFO  [org.jboss.as.ejb3] (MSC service thread 1-8) WFLYEJB0493: EJB subsystem suspension complete
2020-11-26 10:39:44,318 INFO  [org.wildfly.extension.undertow] (MSC service thread 1-2) WFLYUT0006: Undertow HTTP listener default listening on 127.0.0.1:8080
2020-11-26 10:39:44,797 INFO  [org.jboss.as.connector.subsystems.datasources] (MSC service thread 1-5) WFLYJCA0001: Bound data source [java:jboss/datasources/ExampleDS]
2020-11-26 10:39:44,797 INFO  [org.jboss.as.connector.subsystems.datasources] (MSC service thread 1-8) WFLYJCA0001: Bound data source [java:jboss/datasources/KeycloakDS]
2020-11-26 10:39:45,569 INFO  [org.jboss.as.patching] (MSC service thread 1-3) WFLYPAT0050: Keycloak cumulative patch ID is: base, one-off patches include: none
2020-11-26 10:39:45,662 WARN  [org.jboss.as.domain.management.security] (MSC service thread 1-5) WFLYDM0111: Keystore C:\Users\User\Desktop\KeycloakProject\keycloak\standalone\configuration\application.keystore not found, it will be auto generated on first use with a self signed certificate for host localhost
2020-11-26 10:39:45,679 INFO  [org.jboss.as.server.deployment.scanner] (MSC service thread 1-7) WFLYDS0013: Started FileSystemDeploymentService for directory C:\Users\User\Desktop\KeycloakProject\keycloak\standalone\deployments
2020-11-26 10:39:46,017 INFO  [org.jboss.as.server.deployment] (MSC service thread 1-1) WFLYSRV0027: Starting deployment of "keycloak-server.war" (runtime-name: "keycloak-server.war")
2020-11-26 10:39:49,080 INFO  [org.wildfly.extension.undertow] (MSC service thread 1-8) WFLYUT0006: Undertow HTTPS listener https listening on 127.0.0.1:8443
2020-11-26 10:39:50,176 WARN  [org.jboss.as.dependency.private] (MSC service thread 1-1) WFLYSRV0018: Deployment "deployment.keycloak-server.war" is using a private module ("org.kie") which may be changed or removed in future versions without notice.
2020-11-26 10:39:51,389 INFO  [org.infinispan.factories.GlobalComponentRegistry] (MSC service thread 1-1) ISPN000128: Infinispan version: Infinispan 'Estrella Galicia' 9.3.1.Final
2020-11-26 10:39:51,775 INFO  [org.jboss.as.clustering.infinispan] (ServerService Thread Pool -- 53) WFLYCLINF0002: Started offlineSessions cache from keycloak container
2020-11-26 10:39:51,775 INFO  [org.jboss.as.clustering.infinispan] (ServerService Thread Pool -- 56) WFLYCLINF0002: Started actionTokens cache from keycloak container
2020-11-26 10:39:51,775 INFO  [org.jboss.as.clustering.infinispan] (ServerService Thread Pool -- 58) WFLYCLINF0002: Started offlineClientSessions cache from keycloak container
2020-11-26 10:39:51,775 INFO  [org.jboss.as.clustering.infinispan] (ServerService Thread Pool -- 49) WFLYCLINF0002: Started sessions cache from keycloak container
2020-11-26 10:39:51,775 INFO  [org.jboss.as.clustering.infinispan] (ServerService Thread Pool -- 55) WFLYCLINF0002: Started keys cache from keycloak container
2020-11-26 10:39:51,775 INFO  [org.jboss.as.clustering.infinispan] (ServerService Thread Pool -- 60) WFLYCLINF0002: Started loginFailures cache from keycloak container
2020-11-26 10:39:51,775 INFO  [org.jboss.as.clustering.infinispan] (ServerService Thread Pool -- 57) WFLYCLINF0002: Started realms cache from keycloak container
2020-11-26 10:39:51,775 INFO  [org.jboss.as.clustering.infinispan] (ServerService Thread Pool -- 54) WFLYCLINF0002: Started authorization cache from keycloak container
2020-11-26 10:39:51,775 INFO  [org.jboss.as.clustering.infinispan] (ServerService Thread Pool -- 59) WFLYCLINF0002: Started work cache from keycloak container
2020-11-26 10:39:51,775 INFO  [org.jboss.as.clustering.infinispan] (ServerService Thread Pool -- 51) WFLYCLINF0002: Started clientSessions cache from keycloak container
2020-11-26 10:39:51,775 INFO  [org.jboss.as.clustering.infinispan] (ServerService Thread Pool -- 50) WFLYCLINF0002: Started users cache from keycloak container
2020-11-26 10:39:51,775 INFO  [org.jboss.as.clustering.infinispan] (ServerService Thread Pool -- 52) WFLYCLINF0002: Started authenticationSessions cache from keycloak container
2020-11-26 10:39:51,791 INFO  [org.jboss.as.clustering.infinispan] (ServerService Thread Pool -- 61) WFLYCLINF0002: Started client-mappings cache from ejb container
2020-11-26 10:39:54,269 INFO  [org.keycloak.services] (ServerService Thread Pool -- 52) KC-SERVICES0001: Loading config from standalone.xml or domain.xml
2020-11-26 10:39:57,191 INFO  [org.jboss.as.clustering.infinispan] (ServerService Thread Pool -- 52) WFLYCLINF0002: Started realmRevisions cache from keycloak container
2020-11-26 10:39:57,202 INFO  [org.jboss.as.clustering.infinispan] (ServerService Thread Pool -- 52) WFLYCLINF0002: Started userRevisions cache from keycloak container
2020-11-26 10:39:57,227 INFO  [org.jboss.as.clustering.infinispan] (ServerService Thread Pool -- 52) WFLYCLINF0002: Started authorizationRevisions cache from keycloak container
2020-11-26 10:39:57,231 INFO  [org.keycloak.connections.infinispan.DefaultInfinispanConnectionProviderFactory] (ServerService Thread Pool -- 52) Node name: windev2010eval, Site name: null
2020-11-26 10:40:03,996 INFO  [org.keycloak.connections.jpa.updater.liquibase.LiquibaseJpaUpdaterProvider] (ServerService Thread Pool -- 52) Initializing database schema. Using changelog META-INF/jpa-changelog-master.xml
2020-11-26 10:40:06,231 INFO  [org.hibernate.jpa.internal.util.LogHelper] (ServerService Thread Pool -- 52) HHH000204: Processing PersistenceUnitInfo [
	name: keycloak-default
	...]
2020-11-26 10:40:07,224 INFO  [org.hibernate.Version] (ServerService Thread Pool -- 52) HHH000412: Hibernate Core {5.3.6.Final}
2020-11-26 10:40:07,239 INFO  [org.hibernate.cfg.Environment] (ServerService Thread Pool -- 52) HHH000206: hibernate.properties not found
2020-11-26 10:40:08,742 INFO  [org.hibernate.annotations.common.Version] (ServerService Thread Pool -- 52) HCANN000001: Hibernate Commons Annotations {5.0.4.Final}
2020-11-26 10:40:09,441 INFO  [org.hibernate.dialect.Dialect] (ServerService Thread Pool -- 52) HHH000400: Using dialect: org.hibernate.dialect.H2Dialect
2020-11-26 10:40:09,472 WARN  [org.hibernate.dialect.H2Dialect] (ServerService Thread Pool -- 52) HHH000431: Unable to determine H2 database version, certain features may not work
2020-11-26 10:40:09,568 INFO  [org.hibernate.envers.boot.internal.EnversServiceImpl] (ServerService Thread Pool -- 52) Envers integration enabled? : true
2020-11-26 10:40:11,935 INFO  [org.hibernate.orm.beans] (ServerService Thread Pool -- 52) HHH10005002: No explicit CDI BeanManager reference was passed to Hibernate, but CDI is available on the Hibernate ClassLoader.
2020-11-26 10:40:12,152 INFO  [org.hibernate.validator.internal.util.Version] (ServerService Thread Pool -- 52) HV000001: Hibernate Validator 6.0.13.Final
2020-11-26 10:40:14,012 INFO  [org.hibernate.hql.internal.QueryTranslatorFactoryInitiator] (ServerService Thread Pool -- 52) HHH000397: Using ASTQueryTranslatorFactory
2020-11-26 10:40:16,973 INFO  [org.keycloak.services] (ServerService Thread Pool -- 52) KC-SERVICES0050: Initializing master realm
2020-11-26 10:40:20,113 INFO  [org.jboss.resteasy.resteasy_jaxrs.i18n] (ServerService Thread Pool -- 52) RESTEASY002225: Deploying javax.ws.rs.core.Application: class org.keycloak.services.resources.KeycloakApplication
2020-11-26 10:40:20,130 INFO  [org.jboss.resteasy.resteasy_jaxrs.i18n] (ServerService Thread Pool -- 52) RESTEASY002205: Adding provider class org.keycloak.services.filters.KeycloakTransactionCommitter from Application class org.keycloak.services.resources.KeycloakApplication
2020-11-26 10:40:20,130 INFO  [org.jboss.resteasy.resteasy_jaxrs.i18n] (ServerService Thread Pool -- 52) RESTEASY002205: Adding provider class org.keycloak.services.filters.KeycloakStringEntityFilter from Application class org.keycloak.services.resources.KeycloakApplication
2020-11-26 10:40:20,130 INFO  [org.jboss.resteasy.resteasy_jaxrs.i18n] (ServerService Thread Pool -- 52) RESTEASY002200: Adding class resource org.keycloak.services.resources.ThemeResource from Application class org.keycloak.services.resources.KeycloakApplication
2020-11-26 10:40:20,130 INFO  [org.jboss.resteasy.resteasy_jaxrs.i18n] (ServerService Thread Pool -- 52) RESTEASY002200: Adding class resource org.keycloak.services.resources.JsResource from Application class org.keycloak.services.resources.KeycloakApplication
2020-11-26 10:40:20,130 INFO  [org.jboss.resteasy.resteasy_jaxrs.i18n] (ServerService Thread Pool -- 52) RESTEASY002205: Adding provider class org.keycloak.services.error.KeycloakErrorHandler from Application class org.keycloak.services.resources.KeycloakApplication
2020-11-26 10:40:20,145 INFO  [org.jboss.resteasy.resteasy_jaxrs.i18n] (ServerService Thread Pool -- 52) RESTEASY002220: Adding singleton resource org.keycloak.services.resources.RealmsResource from Application class org.keycloak.services.resources.KeycloakApplication
2020-11-26 10:40:20,145 INFO  [org.jboss.resteasy.resteasy_jaxrs.i18n] (ServerService Thread Pool -- 52) RESTEASY002220: Adding singleton resource org.keycloak.services.resources.RobotsResource from Application class org.keycloak.services.resources.KeycloakApplication
2020-11-26 10:40:20,145 INFO  [org.jboss.resteasy.resteasy_jaxrs.i18n] (ServerService Thread Pool -- 52) RESTEASY002210: Adding provider singleton org.keycloak.services.util.ObjectMapperResolver from Application class org.keycloak.services.resources.KeycloakApplication
2020-11-26 10:40:20,145 INFO  [org.jboss.resteasy.resteasy_jaxrs.i18n] (ServerService Thread Pool -- 52) RESTEASY002220: Adding singleton resource org.keycloak.services.resources.admin.AdminRoot from Application class org.keycloak.services.resources.KeycloakApplication
2020-11-26 10:40:20,145 INFO  [org.jboss.resteasy.resteasy_jaxrs.i18n] (ServerService Thread Pool -- 52) RESTEASY002220: Adding singleton resource org.keycloak.services.resources.WelcomeResource from Application class org.keycloak.services.resources.KeycloakApplication
2020-11-26 10:40:20,379 INFO  [org.wildfly.extension.undertow] (ServerService Thread Pool -- 52) WFLYUT0021: Registered web context: '/auth' for server 'default-server'
2020-11-26 10:40:20,535 INFO  [org.jboss.as.server] (ServerService Thread Pool -- 47) WFLYSRV0010: Deployed "keycloak-server.war" (runtime-name : "keycloak-server.war")
2020-11-26 10:40:20,781 INFO  [org.jboss.as.server] (Controller Boot Thread) WFLYSRV0212: Resuming server
2020-11-26 10:40:20,797 INFO  [org.jboss.as] (Controller Boot Thread) WFLYSRV0060: Http management interface listening on http://127.0.0.1:9990/management
2020-11-26 10:40:20,797 INFO  [org.jboss.as] (Controller Boot Thread) WFLYSRV0051: Admin console listening on http://127.0.0.1:9990
2020-11-26 10:40:20,797 INFO  [org.jboss.as] (Controller Boot Thread) WFLYSRV0025: Keycloak 4.8.3.Final (WildFly Core 6.0.2.Final) started in 52467ms - Started 577 of 834 services (557 services are lazy, passive or on-demand)
2020-11-26 10:41:22,820 INFO  [org.jboss.as.server] (Thread-2) WFLYSRV0236: Suspending server with no timeout.
2020-11-26 10:41:22,882 INFO  [org.jboss.as.ejb3] (Thread-2) WFLYEJB0493: EJB subsystem suspension complete
2020-11-26 10:41:22,899 INFO  [org.jboss.as.server] (Thread-2) WFLYSRV0220: Server shutdown has been requested via an OS signal
2020-11-26 10:41:23,051 INFO  [org.wildfly.extension.undertow] (ServerService Thread Pool -- 24) WFLYUT0022: Unregistered web context: '/auth' from server 'default-server'
2020-11-26 10:41:23,070 INFO  [org.jboss.as.connector.subsystems.datasources] (MSC service thread 1-5) WFLYJCA0010: Unbound data source [java:jboss/datasources/KeycloakDS]
2020-11-26 10:41:23,135 INFO  [org.wildfly.extension.undertow] (MSC service thread 1-6) WFLYUT0008: Undertow HTTPS listener https suspending
2020-11-26 10:41:23,135 INFO  [org.jboss.as.mail.extension] (MSC service thread 1-1) WFLYMAIL0002: Unbound mail session [java:jboss/mail/Default]
2020-11-26 10:41:23,197 INFO  [org.wildfly.extension.undertow] (MSC service thread 1-6) WFLYUT0007: Undertow HTTPS listener https stopped, was bound to 127.0.0.1:8443
2020-11-26 10:41:23,351 INFO  [org.jboss.as.connector.subsystems.datasources] (MSC service thread 1-7) WFLYJCA0010: Unbound data source [java:jboss/datasources/ExampleDS]
2020-11-26 10:41:23,351 INFO  [org.jboss.as.connector.deployers.jdbc] (MSC service thread 1-2) WFLYJCA0019: Stopped Driver service with driver-name = h2
2020-11-26 10:41:23,398 INFO  [org.wildfly.extension.undertow] (MSC service thread 1-8) WFLYUT0019: Host default-host stopping
2020-11-26 10:41:23,526 INFO  [org.jboss.as.clustering.infinispan] (ServerService Thread Pool -- 73) WFLYCLINF0003: Stopped users cache from keycloak container
2020-11-26 10:41:23,526 INFO  [org.jboss.as.clustering.infinispan] (ServerService Thread Pool -- 68) WFLYCLINF0003: Stopped authorization cache from keycloak container
2020-11-26 10:41:23,526 INFO  [org.jboss.as.clustering.infinispan] (ServerService Thread Pool -- 24) WFLYCLINF0003: Stopped keys cache from keycloak container
2020-11-26 10:41:23,539 INFO  [org.jboss.as.clustering.infinispan] (ServerService Thread Pool -- 69) WFLYCLINF0003: Stopped authenticationSessions cache from keycloak container
2020-11-26 10:41:23,539 INFO  [org.jboss.as.clustering.infinispan] (ServerService Thread Pool -- 71) WFLYCLINF0003: Stopped loginFailures cache from keycloak container
2020-11-26 10:41:23,539 INFO  [org.jboss.as.clustering.infinispan] (ServerService Thread Pool -- 65) WFLYCLINF0003: Stopped clientSessions cache from keycloak container
2020-11-26 10:41:23,539 INFO  [org.jboss.as.clustering.infinispan] (ServerService Thread Pool -- 70) WFLYCLINF0003: Stopped sessions cache from keycloak container
2020-11-26 10:41:23,539 INFO  [org.jboss.as.clustering.infinispan] (ServerService Thread Pool -- 66) WFLYCLINF0003: Stopped offlineClientSessions cache from keycloak container
2020-11-26 10:41:23,539 INFO  [org.jboss.as.clustering.infinispan] (ServerService Thread Pool -- 72) WFLYCLINF0003: Stopped offlineSessions cache from keycloak container
2020-11-26 10:41:23,539 INFO  [org.jboss.as.clustering.infinispan] (ServerService Thread Pool -- 74) WFLYCLINF0003: Stopped work cache from keycloak container
2020-11-26 10:41:23,539 INFO  [org.jboss.as.clustering.infinispan] (ServerService Thread Pool -- 67) WFLYCLINF0003: Stopped actionTokens cache from keycloak container
2020-11-26 10:41:23,539 INFO  [org.wildfly.extension.undertow] (MSC service thread 1-2) WFLYUT0008: Undertow HTTP listener default suspending
2020-11-26 10:41:23,562 INFO  [org.wildfly.extension.undertow] (MSC service thread 1-2) WFLYUT0007: Undertow HTTP listener default stopped, was bound to 127.0.0.1:8080
2020-11-26 10:41:23,576 INFO  [org.jboss.as.server.deployment] (MSC service thread 1-2) WFLYSRV0028: Stopped deployment keycloak-server.war (runtime-name: keycloak-server.war) in 524ms
2020-11-26 10:41:23,580 INFO  [org.jboss.as.clustering.infinispan] (ServerService Thread Pool -- 63) WFLYCLINF0003: Stopped client-mappings cache from ejb container
2020-11-26 10:41:23,580 INFO  [org.wildfly.extension.undertow] (MSC service thread 1-8) WFLYUT0004: Undertow 2.0.13.Final stopping
2020-11-26 10:41:23,627 INFO  [org.jboss.as.clustering.infinispan] (ServerService Thread Pool -- 64) WFLYCLINF0003: Stopped realms cache from keycloak container
2020-11-26 10:41:23,627 INFO  [org.jboss.as.clustering.infinispan] (MSC service thread 1-8) WFLYCLINF0003: Stopped authorizationRevisions cache from keycloak container
2020-11-26 10:41:23,643 INFO  [org.jboss.as.clustering.infinispan] (MSC service thread 1-8) WFLYCLINF0003: Stopped realmRevisions cache from keycloak container
2020-11-26 10:41:23,659 INFO  [org.jboss.as.clustering.infinispan] (MSC service thread 1-8) WFLYCLINF0003: Stopped userRevisions cache from keycloak container
2020-11-26 10:41:23,689 INFO  [org.jboss.as] (MSC service thread 1-6) WFLYSRV0050: Keycloak 4.8.3.Final (WildFly Core 6.0.2.Final) stopped in 614ms
